<?xml version="1.0" encoding="UTF-8"?>
<!-- Generated by org.testng.reporters.JUnitXMLReporter -->
<testsuite hostname="Prasad.local" failures="1" tests="6" name="Login" time="63.771" errors="0" timestamp="8 Mar 2020 08:20:01 GMT">
  <testcase classname="com.hopscotch.tests.Login" name="emailLoginWithValidCredentials" time="3.812"/>
  <testcase classname="com.hopscotch.tests.Login" name="emailLoginWithInvalidPassword" time="2.695"/>
  <testcase classname="com.hopscotch.tests.Login" name="emailLoginWithInvalidUsername" time="11.182">
    <failure type="org.openqa.selenium.TimeoutException" message="Expected condition failed: waiting for visibility of [[ChromeDriver: chrome on MAC (9b2aa5a27fa45008edbba619837b4543)] -&amp;gt; css selector: .button.primary] (tried for 10 second(s) with 500 milliseconds interval)
Build info: version: &amp;apos;3.14.0&amp;apos;, revision: &amp;apos;aacccce0&amp;apos;, time: &amp;apos;2018-08-02T20:19:58.91Z&amp;apos;
System info: host: &amp;apos;Prasad.local&amp;apos;, ip: &amp;apos;192.168.1.105&amp;apos;, os.name: &amp;apos;Mac OS X&amp;apos;, os.arch: &amp;apos;x86_64&amp;apos;, os.version: &amp;apos;10.15.1&amp;apos;, java.version: &amp;apos;13.0.1&amp;apos;
Driver info: org.openqa.selenium.chrome.ChromeDriver
Capabilities {acceptInsecureCerts: false, browserName: chrome, browserVersion: 80.0.3987.132, chrome: {chromedriverVersion: 79.0.3945.36 (3582db32b3389..., userDataDir: /var/folders/8m/03z1c8513cs...}, goog:chromeOptions: {debuggerAddress: localhost:59618}, javascriptEnabled: true, networkConnectionEnabled: false, pageLoadStrategy: normal, platform: MAC, platformName: MAC, proxy: Proxy(), setWindowRect: true, strictFileInteractability: false, timeouts: {implicit: 0, pageLoad: 300000, script: 30000}, unhandledPromptBehavior: dismiss and notify}
Session ID: 9b2aa5a27fa45008edbba619837b4543">
      <![CDATA[org.openqa.selenium.TimeoutException: Expected condition failed: waiting for visibility of [[ChromeDriver: chrome on MAC (9b2aa5a27fa45008edbba619837b4543)] -> css selector: .button.primary] (tried for 10 second(s) with 500 milliseconds interval)
Build info: version: '3.14.0', revision: 'aacccce0', time: '2018-08-02T20:19:58.91Z'
System info: host: 'Prasad.local', ip: '192.168.1.105', os.name: 'Mac OS X', os.arch: 'x86_64', os.version: '10.15.1', java.version: '13.0.1'
Driver info: org.openqa.selenium.chrome.ChromeDriver
Capabilities {acceptInsecureCerts: false, browserName: chrome, browserVersion: 80.0.3987.132, chrome: {chromedriverVersion: 79.0.3945.36 (3582db32b3389..., userDataDir: /var/folders/8m/03z1c8513cs...}, goog:chromeOptions: {debuggerAddress: localhost:59618}, javascriptEnabled: true, networkConnectionEnabled: false, pageLoadStrategy: normal, platform: MAC, platformName: MAC, proxy: Proxy(), setWindowRect: true, strictFileInteractability: false, timeouts: {implicit: 0, pageLoad: 300000, script: 30000}, unhandledPromptBehavior: dismiss and notify}
Session ID: 9b2aa5a27fa45008edbba619837b4543
	at org.openqa.selenium.support.ui.WebDriverWait.timeoutException(WebDriverWait.java:113)
	at org.openqa.selenium.support.ui.FluentWait.until(FluentWait.java:283)
	at com.hopscotch.tests.Login.loginWithCredentials(Login.java:97)
	at com.hopscotch.tests.Login.emailLoginWithInvalidUsername(Login.java:65)
... Removed 24 stack frames]]>
    </failure>
  </testcase> <!-- emailLoginWithInvalidUsername -->
  <testcase classname="com.hopscotch.tests.Login" name="mobLoginWithValidCredentials" time="3.773"/>
  <testcase classname="com.hopscotch.tests.Login" name="mobLoginWithInvalidPassword" time="2.701"/>
  <testcase classname="com.hopscotch.tests.Login" name="mobLoginWithInvalidMobile" time="3.338"/>
</testsuite> <!-- Login -->
