<?xml version="1.0" encoding="UTF-8"?>
<!-- Generated by org.testng.reporters.JUnitReportReporter -->
<testsuite hostname="Prasad.local" failures="2" tests="6" name="com.hopscotch.tests.Login" time="43.481" errors="0" timestamp="8 May 2020 13:42:34 GMT">
  <testcase classname="com.hopscotch.tests.Login" name="mobLoginWithValidCredentials" time="5.510">
    <failure message="
Parameter &#039;loginName&#039; is required by @Test on method mobLoginWithValidCredentials but has not been marked @Optional or defined
in /private/var/folders/8m/03z1c8513cs7x5p8k71rgnv40000gp/T/testng-eclipse-1490663942/testng-customsuite.xml" type="org.testng.TestNGException">
      <![CDATA[org.testng.TestNGException: 
Parameter 'loginName' is required by @Test on method mobLoginWithValidCredentials but has not been marked @Optional or defined
in /private/var/folders/8m/03z1c8513cs7x5p8k71rgnv40000gp/T/testng-eclipse-1490663942/testng-customsuite.xml
	at org.testng.internal.Parameters.createParameters(Parameters.java:155)
	at org.testng.internal.Parameters.createParameters(Parameters.java:355)
	at org.testng.internal.Parameters.handleParameters(Parameters.java:447)
	at org.testng.internal.Invoker.handleParameters(Invoker.java:1389)
	at org.testng.internal.Invoker.createParameters(Invoker.java:1081)
	at org.testng.internal.Invoker.invokeTestMethods(Invoker.java:1186)
	at org.testng.internal.TestMethodWorker.invokeTestMethods(TestMethodWorker.java:127)
	at org.testng.internal.TestMethodWorker.run(TestMethodWorker.java:111)
	at org.testng.TestRunner.privateRun(TestRunner.java:767)
	at org.testng.TestRunner.run(TestRunner.java:617)
	at org.testng.SuiteRunner.runTest(SuiteRunner.java:334)
	at org.testng.SuiteRunner.runSequentially(SuiteRunner.java:329)
	at org.testng.SuiteRunner.privateRun(SuiteRunner.java:291)
	at org.testng.SuiteRunner.run(SuiteRunner.java:240)
	at org.testng.SuiteRunnerWorker.runSuite(SuiteRunnerWorker.java:51)
	at org.testng.SuiteRunnerWorker.run(SuiteRunnerWorker.java:85)
	at org.testng.TestNG.runSuitesSequentially(TestNG.java:1197)
	at org.testng.TestNG.runSuitesLocally(TestNG.java:1122)
	at org.testng.TestNG.run(TestNG.java:1030)
	at org.testng.remote.AbstractRemoteTestNG.run(AbstractRemoteTestNG.java:115)
	at org.testng.remote.RemoteTestNG.initAndRun(RemoteTestNG.java:251)
	at org.testng.remote.RemoteTestNG.main(RemoteTestNG.java:77)
]]>
    </failure>
  </testcase> <!-- mobLoginWithValidCredentials -->
  <testcase classname="com.hopscotch.tests.Login" name="emailLoginWithValidCredentials" time="6.681">
    <failure message="
Parameter &#039;loginName&#039; is required by @Test on method emailLoginWithValidCredentials but has not been marked @Optional or defined
in /private/var/folders/8m/03z1c8513cs7x5p8k71rgnv40000gp/T/testng-eclipse-1490663942/testng-customsuite.xml" type="org.testng.TestNGException">
      <![CDATA[org.testng.TestNGException: 
Parameter 'loginName' is required by @Test on method emailLoginWithValidCredentials but has not been marked @Optional or defined
in /private/var/folders/8m/03z1c8513cs7x5p8k71rgnv40000gp/T/testng-eclipse-1490663942/testng-customsuite.xml
	at org.testng.internal.Parameters.createParameters(Parameters.java:155)
	at org.testng.internal.Parameters.createParameters(Parameters.java:355)
	at org.testng.internal.Parameters.handleParameters(Parameters.java:447)
	at org.testng.internal.Invoker.handleParameters(Invoker.java:1389)
	at org.testng.internal.Invoker.createParameters(Invoker.java:1081)
	at org.testng.internal.Invoker.invokeTestMethods(Invoker.java:1186)
	at org.testng.internal.TestMethodWorker.invokeTestMethods(TestMethodWorker.java:127)
	at org.testng.internal.TestMethodWorker.run(TestMethodWorker.java:111)
	at org.testng.TestRunner.privateRun(TestRunner.java:767)
	at org.testng.TestRunner.run(TestRunner.java:617)
	at org.testng.SuiteRunner.runTest(SuiteRunner.java:334)
	at org.testng.SuiteRunner.runSequentially(SuiteRunner.java:329)
	at org.testng.SuiteRunner.privateRun(SuiteRunner.java:291)
	at org.testng.SuiteRunner.run(SuiteRunner.java:240)
	at org.testng.SuiteRunnerWorker.runSuite(SuiteRunnerWorker.java:51)
	at org.testng.SuiteRunnerWorker.run(SuiteRunnerWorker.java:85)
	at org.testng.TestNG.runSuitesSequentially(TestNG.java:1197)
	at org.testng.TestNG.runSuitesLocally(TestNG.java:1122)
	at org.testng.TestNG.run(TestNG.java:1030)
	at org.testng.remote.AbstractRemoteTestNG.run(AbstractRemoteTestNG.java:115)
	at org.testng.remote.RemoteTestNG.initAndRun(RemoteTestNG.java:251)
	at org.testng.remote.RemoteTestNG.main(RemoteTestNG.java:77)
]]>
    </failure>
  </testcase> <!-- emailLoginWithValidCredentials -->
  <testcase classname="com.hopscotch.tests.Login" name="mobLoginWithInvalidMobile" time="13.252"/>
  <testcase classname="com.hopscotch.tests.Login" name="mobLoginWithInvalidPassword" time="11.728"/>
  <testcase classname="com.hopscotch.tests.Login" name="emailLoginWithInvalidPassword" time="3.385"/>
  <testcase classname="com.hopscotch.tests.Login" name="emailLoginWithInvalidUsername" time="2.925"/>
</testsuite> <!-- com.hopscotch.tests.Login -->
