<?xml version="1.0" encoding="UTF-8"?>
<!-- Generated by org.testng.reporters.JUnitReportReporter -->
<testsuite hostname="Prasad.local" failures="0" tests="7" name="com.hopscotch.tests.Login" time="0.016" errors="1" timestamp="2020-05-08T19:06:30 IST" skipped="6">
  <testcase classname="com.hopscotch.tests.Login" name="emailLoginWithValidCredentials" time="0.000">
    <skipped/>
  </testcase> <!-- emailLoginWithValidCredentials -->
  <testcase classname="com.hopscotch.tests.Login" name="startTest" time="0.016">
    <error message="com/relevantcodes/extentreports/ExtentReports" type="java.lang.NoClassDefFoundError">
      <![CDATA[java.lang.NoClassDefFoundError: com/relevantcodes/extentreports/ExtentReports
at com.hopscotch.tests.Login.startTest(Login.java:35)
at java.base/jdk.internal.reflect.NativeMethodAccessorImpl.invoke0(Native Method)
at java.base/jdk.internal.reflect.NativeMethodAccessorImpl.invoke(NativeMethodAccessorImpl.java:62)
at java.base/jdk.internal.reflect.DelegatingMethodAccessorImpl.invoke(DelegatingMethodAccessorImpl.java:43)
at java.base/java.lang.reflect.Method.invoke(Method.java:566)
at org.testng.internal.MethodInvocationHelper.invokeMethod(MethodInvocationHelper.java:133)
at org.testng.internal.MethodInvocationHelper.invokeMethodConsideringTimeout(MethodInvocationHelper.java:62)
at org.testng.internal.ConfigInvoker.invokeConfigurationMethod(ConfigInvoker.java:340)
at org.testng.internal.ConfigInvoker.invokeConfigurations(ConfigInvoker.java:294)
at org.testng.internal.TestMethodWorker.invokeBeforeClassMethods(TestMethodWorker.java:176)
at org.testng.internal.TestMethodWorker.run(TestMethodWorker.java:122)
at java.base/java.util.ArrayList.forEach(ArrayList.java:1540)
at org.testng.TestRunner.privateRun(TestRunner.java:770)
at org.testng.TestRunner.run(TestRunner.java:591)
at org.testng.SuiteRunner.runTest(SuiteRunner.java:402)
at org.testng.SuiteRunner.runSequentially(SuiteRunner.java:396)
at org.testng.SuiteRunner.privateRun(SuiteRunner.java:355)
at org.testng.SuiteRunner.run(SuiteRunner.java:304)
at org.testng.SuiteRunnerWorker.runSuite(SuiteRunnerWorker.java:53)
at org.testng.SuiteRunnerWorker.run(SuiteRunnerWorker.java:96)
at org.testng.TestNG.runSuitesSequentially(TestNG.java:1180)
at org.testng.TestNG.runSuitesLocally(TestNG.java:1102)
at org.testng.TestNG.runSuites(TestNG.java:1032)
at org.testng.TestNG.run(TestNG.java:1000)
at org.apache.maven.surefire.testng.TestNGExecutor.run(TestNGExecutor.java:283)
at org.apache.maven.surefire.testng.TestNGXmlTestSuite.execute(TestNGXmlTestSuite.java:75)
at org.apache.maven.surefire.testng.TestNGProvider.invoke(TestNGProvider.java:120)
at org.apache.maven.surefire.booter.ForkedBooter.runSuitesInProcess(ForkedBooter.java:377)
at org.apache.maven.surefire.booter.ForkedBooter.execute(ForkedBooter.java:138)
at org.apache.maven.surefire.booter.ForkedBooter.run(ForkedBooter.java:465)
at org.apache.maven.surefire.booter.ForkedBooter.main(ForkedBooter.java:451)
Caused by: java.lang.ClassNotFoundException: com.relevantcodes.extentreports.ExtentReports
at java.base/jdk.internal.loader.BuiltinClassLoader.loadClass(BuiltinClassLoader.java:581)
at java.base/jdk.internal.loader.ClassLoaders$AppClassLoader.loadClass(ClassLoaders.java:178)
at java.base/java.lang.ClassLoader.loadClass(ClassLoader.java:521)
... 31 more
]]>
    </error>
  </testcase> <!-- startTest -->
  <testcase classname="com.hopscotch.tests.Login" name="emailLoginWithInvalidPassword" time="0.000">
    <skipped/>
  </testcase> <!-- emailLoginWithInvalidPassword -->
  <testcase classname="com.hopscotch.tests.Login" name="emailLoginWithInvalidUsername" time="0.000">
    <skipped/>
  </testcase> <!-- emailLoginWithInvalidUsername -->
  <testcase classname="com.hopscotch.tests.Login" name="mobLoginWithValidCredentials" time="0.000">
    <skipped/>
  </testcase> <!-- mobLoginWithValidCredentials -->
  <testcase classname="com.hopscotch.tests.Login" name="mobLoginWithInvalidPassword" time="0.000">
    <skipped/>
  </testcase> <!-- mobLoginWithInvalidPassword -->
  <testcase classname="com.hopscotch.tests.Login" name="mobLoginWithInvalidMobile" time="0.000">
    <skipped/>
  </testcase> <!-- mobLoginWithInvalidMobile -->
</testsuite> <!-- com.hopscotch.tests.Login -->
